CAPITÁN (CapitanMarketing): Inicializado. Tenientes listos.
CAPITÁN (CapitanPublicidadYAdquisicionDeTraficoADS): Inicializado. Tenientes listos.
CAPITÁN (CapitanGestionOperativaDeContenidosComerciales): Inicializado. Tenientes listos.
CAPITÁN (CapitanProduccionYAutomatizacionAudiovisual): Inicializado. Tenientes listos.
CAPITÁN (CapitanSEOTuristico): Inicializado. Tenientes listos.
CAPITÁN (CapitanRecomendacionesSADI): Inicializado. Tenientes listos.
CAPITÁN (CapitanAlianzasComerciales): Inicializado. Tenientes listos.
CAPITÁN (CapitanConversion): Inicializado. Tenientes listos.
CAPITÁN (CapitanEmbudosConversion): Inicializado. Tenientes listos.
CAPITÁN (CapitanImplementacionTecnicaDeEmbudosYCRM): Inicializado. Tenientes listos.
CAPITÁN (CapitanPasarelaPagos): Inicializado. Tenientes listos.
CAPITÁN (CapitanCotizacionesDinamicas): Inicializado. Tenientes listos.
CAPITÁN (CapitanVentaConversacional): Inicializado. Tenientes listos.
CAPITÁN (CapitanContratacion): Inicializado. Tenientes listos.
CAPITÁN (CapitanFirmaDigital): Inicializado. Tenientes listos.
CAPITÁN (CapitanKYCVerificacion): Inicializado. Tenientes listos.
CAPITÁN (CapitanLegalidadYPrivacidad): Inicializado. Tenientes listos.
CAPITÁN (CapitanRelacionClientes): Inicializado. Tenientes listos.
CAPITÁN (CapitanMensajeriaYEnviosMasivos): Inicializado. Tenientes listos.
CAPITÁN (CapitanFidelizacionLealtad): Inicializado. Tenientes listos.
CAPITÁN (CapitanSoporteViajero): Inicializado. Tenientes listos.
CAPITÁN (CapitanPostventaFeedback): Inicializado. Tenientes listos.
CAPITÁN (CapitanCumplimientoComercial): Inicializado. Tenientes listos.
CAPITÁN (CapitanInteligenciaAnaliticaYOptimizacion): Inicializado. Tenientes listos.
CAPITÁN (CapitanAuditoriaVentas): Inicializado. Tenientes listos.
CAPITÁN (CapitanPrevencionFraude): Inicializado. Tenientes listos.
CAPITÁN (CapitanComercialEstrategico): Inicializado. Tenientes listos.
CAPITÁN (CapitanGestionComercialGeneral): Inicializado. Tenientes listos.
CAPITÁN (CapitanComercialHotelero): Inicializado. Tenientes listos.
CAPITÁN (CapitanComercialGastronomico): Inicializado. Tenientes listos.
CAPITÁN (CapitanComercialTuristicoTours): Inicializado. Tenientes listos.
CAPITÁN (CapitanComercialTransporte): Inicializado. Tenientes listos.
CAPITÁN (CapitanOnboardingPrestador): Inicializado. Tenientes listos.
CAPITÁN (CapitanArchivistico): Inicializado. Tenientes listos.
CAPITÁN (CapitanIntegridadDocumental): Inicializado. Tenientes listos.
CAPITÁN (CapitanRetencionNormativa): Inicializado. Tenientes listos.
CAPITÁN (CapitanAuditoriaDocumental): Inicializado. Tenientes listos.
CAPITÁN (CapitanBusquedaDocumental): Inicializado. Tenientes listos.
CAPITÁN (CapitanCapturaYCreacionDocumental): Inicializado. Tenientes listos.
CAPITÁN (CapitanCumplimientoNormativo): Inicializado. Tenientes listos.
CAPITÁN (CapitanGestionDocumentalGeneral): Inicializado. Tenientes listos.
CAPITÁN (CapitanPoliticasRetencion): Inicializado. Tenientes listos.
CAPITÁN (CapitanSeguridadDocumental): Inicializado. Tenientes listos.
CAPITÁN (CapitanTrazabilidadDocumental): Inicializado. Tenientes listos.
CAPITÁN (CapitanDocumentosLegales): Inicializado. Tenientes listos.
CAPITÁN (CapitanDocumentosContables): Inicializado. Tenientes listos.
CAPITÁN (CapitanDocumentosOperativos): Inicializado. Tenientes listos.
CAPITÁN (CapitanDocumentosSST): Inicializado. Tenientes listos.
CAPITÁN (CapitanDocumentosNomina): Inicializado. Tenientes listos.
CAPITÁN (CapitanDocumentosPublicos): Inicializado. Tenientes listos.
CAPITÁN (CapitanDocumentosConfidenciales): Inicializado. Tenientes listos.
CAPITÁN (CapitanConservacionHistorica): Inicializado. Tenientes listos.
CAPITÁN (CapitanDisposicionFinal): Inicializado. Tenientes listos.
CAPITÁN (CapitanNotarizacionBlockchain): Inicializado. Tenientes listos.
CAPITÁN (CapitanGestionOperativaGeneral): Inicializado. Tenientes listos.
CAPITÁN (CapitanControlOperativo): Inicializado. Tenientes listos.
CAPITÁN (CapitanIncidentesOperativos): Inicializado. Tenientes listos.
CAPITÁN (CapitanCalidadYCumplimiento): Inicializado. Tenientes listos.
CAPITÁN (CapitanFlujosSecuenciales): Inicializado. Tenientes listos.
CAPITÁN (CapitanFlujosParalelos): Inicializado. Tenientes listos.
CAPITÁN (CapitanValidacionOrdenes): Inicializado. Tenientes listos.
CAPITÁN (CapitanEnrutamientoOrdenes): Inicializado. Tenientes listos.
CAPITÁN (CapitanPriorizacionTareas): Inicializado. Tenientes listos.
CAPITÁN (CapitanAsignacionTareas): Inicializado. Tenientes listos.
CAPITÁN (CapitanTransicionesEstado): Inicializado. Tenientes listos.
CAPITÁN (CapitanBloqueosOperativos): Inicializado. Tenientes listos.
CAPITÁN (CapitanGestionReintentos): Inicializado. Tenientes listos.
CAPITÁN (CapitanFallbackOperativo): Inicializado. Tenientes listos.
CAPITÁN (CapitanEscalamientoExcepciones): Inicializado. Tenientes listos.
CAPITÁN (CapitanCoordinacionGuias): Inicializado. Tenientes listos.
CAPITÁN (CapitanCalidadExperiencias): Inicializado. Tenientes listos.
CAPITÁN (CapitanRutasEstrategicas): Inicializado. Tenientes listos.
CAPITÁN (CapitanDespachoVehiculos): Inicializado. Tenientes listos.
CAPITÁN (CapitanMonitoreoZonas): Inicializado. Tenientes listos.
CAPITÁN (CapitanProtocolosEmergencia): Inicializado. Tenientes listos.
CAPITÁN (CapitanAtencionDigital): Inicializado. Tenientes listos.
CAPITÁN (CapitanContabilidadGeneral): Inicializado. Tenientes listos.
CAPITÁN (CapitanAsientosAutomaticos): Inicializado. Tenientes listos.
CAPITÁN (CapitanCierreContable): Inicializado. Tenientes listos.
CAPITÁN (CapitanAuditoriaContable): Inicializado. Tenientes listos.
CAPITÁN (CapitanReconocimientoIngresos): Inicializado. Tenientes listos.
CAPITÁN (CapitanImpuestosIVA): Inicializado. Tenientes listos.
CAPITÁN (CapitanProvisionesContables): Inicializado. Tenientes listos.
CAPITÁN (CapitanConciliacionAutomatica): Inicializado. Tenientes listos.
CAPITÁN (CapitanReportesNormativos): Inicializado. Tenientes listos.
CAPITÁN (CapitanGestionFinanciera): Inicializado. Tenientes listos.
CAPITÁN (CapitanFlujoCaja): Inicializado. Tenientes listos.
CAPITÁN (CapitanRiesgoFinanciero): Inicializado. Tenientes listos.
CAPITÁN (CapitanRatiosYFormulasFinancieras): Inicializado. Tenientes listos.
CAPITÁN (CapitanTesoreria): Inicializado. Tenientes listos.
CAPITÁN (CapitanCustodiaFondos): Inicializado. Tenientes listos.
CAPITÁN (CapitanLiquidez): Inicializado. Tenientes listos.
CAPITÁN (CapitanPagos): Inicializado. Tenientes listos.
CAPITÁN (CapitanDistribucion): Inicializado. Tenientes listos.
CAPITÁN (CapitanReservas): Inicializado. Tenientes listos.
CAPITÁN (CapitanProyecciones): Inicializado. Tenientes listos.
CAPITÁN (CapitanCumplimientoFinanciero): Inicializado. Tenientes listos.
CAPITÁN (CapitanEstadoResultados): Inicializado. Tenientes listos.
CAPITÁN (CapitanBalanceGeneral): Inicializado. Tenientes listos.
CAPITÁN (CapitanFlujoEfectivo): Inicializado. Tenientes listos.
CAPITÁN (CapitanCambiosPatrimonio): Inicializado. Tenientes listos.
CAPITÁN (CapitanConciliacionBancaria): Inicializado. Tenientes listos.
CAPITÁN (CapitanProvisionesFinancieras): Inicializado. Tenientes listos.
CAPITÁN (CapitanSST): Inicializado. Tenientes listos.
CAPITÁN (CapitanIncidentesSST): Inicializado. Tenientes listos.
CAPITÁN (CapitanNormativoSST): Inicializado. Tenientes listos.
CAPITÁN (CapitanIdentificacionPeligros): Inicializado. Tenientes listos.
CAPITÁN (CapitanEvaluacionRiesgos): Inicializado. Tenientes listos.
CAPITÁN (CapitanSaludOcupacional): Inicializado. Tenientes listos.
CAPITÁN (CapitanRiesgoPsicosocial): Inicializado. Tenientes listos.
CAPITÁN (CapitanEmergencias): Inicializado. Tenientes listos.
CAPITÁN (CapitanCapacitacionSST): Inicializado. Tenientes listos.
CAPITÁN (CapitanVigilanciaSST): Inicializado. Tenientes listos.
CAPITÁN (CapitanNomina): Inicializado. Tenientes listos.
CAPITÁN (CapitanLiquidacionContratos): Inicializado. Tenientes listos.
CAPITÁN (CapitanLegalLaboral): Inicializado. Tenientes listos.
CORONEL (prestadores): Inicializado. Capitanes listos.
CAPITÁN (CapitanCreacionOrdenes): Inicializado. Tenientes listos.
CAPITÁN (CapitanTransicionesEstado): Inicializado. Tenientes listos.
CAPITÁN (CapitanCancelacionOrdenes): Inicializado. Tenientes listos.
CAPITÁN (CapitanVinculacionContrato): Inicializado. Tenientes listos.
CAPITÁN (CapitanValidacionDisponibilidad): Inicializado. Tenientes listos.
CAPITÁN (CapitanAsignacionRecursos): Inicializado. Tenientes listos.
CAPITÁN (CapitanConsumoInventario): Inicializado. Tenientes listos.
CAPITÁN (CapitanBloqueoAgotamiento): Inicializado. Tenientes listos.
CAPITÁN (CapitanGestionTurnos): Inicializado. Tenientes listos.
CAPITÁN (CapitanExcepcionesHorario): Inicializado. Tenientes listos.
CAPITÁN (CapitanRegistroCostosReales): Inicializado. Tenientes listos.
CAPITÁN (CapitanCostosManoObra): Inicializado. Tenientes listos.
CAPITÁN (CapitanCostosInsumos): Inicializado. Tenientes listos.
CAPITÁN (CapitanImpactoContableOperativo): Inicializado. Tenientes listos.
CAPITÁN (CapitanEvidenciaDocumental): Inicializado. Tenientes listos.
CAPITÁN (CapitanEvidenciaVisual): Inicializado. Tenientes listos.
CAPITÁN (CapitanIntegridadEvidencia): Inicializado. Tenientes listos.
CAPITÁN (CapitanSLAOperativo): Inicializado. Tenientes listos.
CAPITÁN (CapitanProductividadAgentes): Inicializado. Tenientes listos.
CAPITÁN (CapitanConfiguracionCapacidad): Inicializado. Tenientes listos.
CAPITÁN (CapitanGestionIncidencias): Inicializado. Tenientes listos.
CAPITÁN (CapitanFeedbackPostServicio): Inicializado. Tenientes listos.
CAPITÁN (CapitanReprogramacionEmergencia): Inicializado. Tenientes listos.
CORONEL (operativo_general): Inicializado. Capitanes listos.
CAPITÁN (CapitanGestionHabitaciones): Inicializado. Tenientes listos.
CAPITÁN (CapitanCheckInCheckOut): Inicializado. Tenientes listos.
CORONEL (operativo_hospedaje): Inicializado. Capitanes listos.
CAPITÁN (CapitanServicioMesa): Inicializado. Tenientes listos.
CAPITÁN (CapitanOperacionCocina): Inicializado. Tenientes listos.
CORONEL (operativo_gastronomia): Inicializado. Capitanes listos.
CAPITÁN (CapitanDespachoFlota): Inicializado. Tenientes listos.
CAPITÁN (CapitanMonitoreoRutas): Inicializado. Tenientes listos.
CORONEL (operativo_transporte): Inicializado. Capitanes listos.
CAPITÁN (CapitanAuditoriaGlobal): Inicializado. Tenientes listos.
CAPITÁN (AdminCapitanVentas): Inicializado. Tenientes listos.
CAPITÁN (AdminCapitanContabilidad): Inicializado. Tenientes listos.
CAPITÁN (AdminCapitanFinanciero): Inicializado. Tenientes listos.
CAPITÁN (AdminCapitanOperativo): Inicializado. Tenientes listos.
CAPITÁN (AdminCapitanArchivistico): Inicializado. Tenientes listos.
CORONEL (administrador_general): Inicializado. Capitanes listos.
CAPITÁN (CapitanEmbudo): Inicializado. Tenientes listos.
CORONEL (marketing): Inicializado. Capitanes listos.
CAPITÁN (CapitanCAC): Inicializado. Tenientes listos.
CAPITÁN (CapitanLTV): Inicializado. Tenientes listos.
CAPITÁN (CapitanROI): Inicializado. Tenientes listos.
CORONEL (finanzas): Inicializado. Capitanes listos.
CAPITÁN (CapitanSST): Inicializado. Tenientes listos.
CAPITÁN (CapitanIncidentesSST): Inicializado. Tenientes listos.
CAPITÁN (CapitanNormativoSST): Inicializado. Tenientes listos.
CAPITÁN (CapitanIdentificacionPeligros): Inicializado. Tenientes listos.
CAPITÁN (CapitanEvaluacionRiesgos): Inicializado. Tenientes listos.
CAPITÁN (CapitanSaludOcupacional): Inicializado. Tenientes listos.
CAPITÁN (CapitanRiesgoPsicosocial): Inicializado. Tenientes listos.
CAPITÁN (CapitanEmergencias): Inicializado. Tenientes listos.
CAPITÁN (CapitanCapacitacionSST): Inicializado. Tenientes listos.
CAPITÁN (CapitanVigilanciaSST): Inicializado. Tenientes listos.
CORONEL (sg_sst): Inicializado. Capitanes listos.
CAPITÁN (CapitanNomina): Inicializado. Tenientes listos.
CAPITÁN (CapitanLiquidacionContratos): Inicializado. Tenientes listos.
CAPITÁN (CapitanLegalLaboral): Inicializado. Tenientes listos.
CAPITÁN (CapitanPagosYTesoreria): Inicializado. Tenientes listos.
CAPITÁN (CapitanNovedadesYAusencias): Inicializado. Tenientes listos.
CAPITÁN (CapitanDatosMaestrosEmpleados): Inicializado. Tenientes listos.
CORONEL (nomina): Inicializado. Capitanes listos.
CORONEL (peace_net): Inicializado. Capitanes listos.
CAPITÁN (CapitanCustodiaFondos): Inicializado. Tenientes listos.
CAPITÁN (CapitanTransferencias): Inicializado. Tenientes listos.
CAPITÁN (CapitanPagosServicios): Inicializado. Tenientes listos.
CAPITÁN (CapitanLiquidaciones): Inicializado. Tenientes listos.
CAPITÁN (CapitanAuditoriaFinanciera): Inicializado. Tenientes listos.
CORONEL (wallet): Inicializado. Capitanes listos.
CAPITÁN (CapitanAfiliacionDelivery): Inicializado. Tenientes listos.
CAPITÁN (CapitanGestionConductores): Inicializado. Tenientes listos.
CAPITÁN (CapitanGestionVehiculos): Inicializado. Tenientes listos.
CAPITÁN (CapitanAsignacionServicios): Inicializado. Tenientes listos.
CAPITÁN (CapitanEjecucionOperativaDelivery): Inicializado. Tenientes listos.
CAPITÁN (CapitanPagosLiquidacionesDelivery): Inicializado. Tenientes listos.
CAPITÁN (CapitanAuditoriaDelivery): Inicializado. Tenientes listos.
CAPITÁN (CapitanCalificacionesDelivery): Inicializado. Tenientes listos.
CORONEL (delivery): Inicializado. Capitanes listos.
CAPITÁN (CapitanInteroperabilidad): Inicializado. Tenientes listos.
CORONEL (interop): Inicializado. Capitanes listos.
GENERAL SARITA: Orquestador inicializado. Coroneles listos para recibir órdenes.
(0.001) SELECT "api_customuser"."id", "api_customuser"."password", "api_customuser"."last_login", "api_customuser"."is_superuser", "api_customuser"."username", "api_customuser"."first_name", "api_customuser"."last_name", "api_customuser"."email", "api_customuser"."is_staff", "api_customuser"."is_active", "api_customuser"."date_joined", "api_customuser"."is_agent", "api_customuser"."agent_domain", "api_customuser"."role", "api_customuser"."origen", "api_customuser"."pais_origen" FROM "api_customuser" WHERE "api_customuser"."email" IN ('hotel_a@test.com', 'hotel_b@test.com'); args=('hotel_a@test.com', 'hotel_b@test.com'); alias=default
(0.001) SELECT "api_customuser"."id", "api_customuser"."password", "api_customuser"."last_login", "api_customuser"."is_superuser", "api_customuser"."username", "api_customuser"."first_name", "api_customuser"."last_name", "api_customuser"."email", "api_customuser"."is_staff", "api_customuser"."is_active", "api_customuser"."date_joined", "api_customuser"."is_agent", "api_customuser"."agent_domain", "api_customuser"."role", "api_customuser"."origen", "api_customuser"."pais_origen" FROM "api_customuser" WHERE "api_customuser"."email" IN ('hotel_a@test.com', 'hotel_b@test.com'); args=('hotel_a@test.com', 'hotel_b@test.com'); alias=default
DEBUG: Antes de importar api.signals
DEBUG: Antes de importar api.signals
DEBUG: Después de importar api.signals
DEBUG: Después de importar api.signals
--- INICIO RECOPILACIÓN EVIDENCIA FASE 4 ---
Traceback (most recent call last):
  File "/home/jules/.pyenv/versions/3.12.12/lib/python3.12/site-packages/django/db/backends/utils.py", line 105, in _execute
    return self.cursor.execute(sql, params)
           ^^^^^^^^^^^^^^^^^^^^^^^^^^^^^^^^
  File "/home/jules/.pyenv/versions/3.12.12/lib/python3.12/site-packages/django/db/backends/sqlite3/base.py", line 360, in execute
    return super().execute(query, params)
           ^^^^^^^^^^^^^^^^^^^^^^^^^^^^^^
sqlite3.OperationalError: no such table: api_customuser

The above exception was the direct cause of the following exception:

Traceback (most recent call last):
  File "/app/collect_phase_4_evidence.py", line 92, in <module>
    collect_evidence()
  File "/app/collect_phase_4_evidence.py", line 25, in collect_evidence
    User.objects.filter(email__in=['hotel_a@test.com', 'hotel_b@test.com']).delete()
  File "/home/jules/.pyenv/versions/3.12.12/lib/python3.12/site-packages/django/db/models/query.py", line 1198, in delete
    collector.collect(del_query)
  File "/home/jules/.pyenv/versions/3.12.12/lib/python3.12/site-packages/django/db/models/deletion.py", line 281, in collect
    new_objs = self.add(
               ^^^^^^^^^
  File "/home/jules/.pyenv/versions/3.12.12/lib/python3.12/site-packages/django/db/models/deletion.py", line 124, in add
    if not objs:
           ^^^^
  File "/home/jules/.pyenv/versions/3.12.12/lib/python3.12/site-packages/django/db/models/query.py", line 398, in __bool__
    self._fetch_all()
  File "/home/jules/.pyenv/versions/3.12.12/lib/python3.12/site-packages/django/db/models/query.py", line 1949, in _fetch_all
    self._result_cache = list(self._iterable_class(self))
                         ^^^^^^^^^^^^^^^^^^^^^^^^^^^^^^^^
  File "/home/jules/.pyenv/versions/3.12.12/lib/python3.12/site-packages/django/db/models/query.py", line 91, in __iter__
    results = compiler.execute_sql(
              ^^^^^^^^^^^^^^^^^^^^^
  File "/home/jules/.pyenv/versions/3.12.12/lib/python3.12/site-packages/django/db/models/sql/compiler.py", line 1623, in execute_sql
    cursor.execute(sql, params)
  File "/home/jules/.pyenv/versions/3.12.12/lib/python3.12/site-packages/django/db/backends/utils.py", line 122, in execute
    return super().execute(sql, params)
           ^^^^^^^^^^^^^^^^^^^^^^^^^^^^
  File "/home/jules/.pyenv/versions/3.12.12/lib/python3.12/site-packages/django/db/backends/utils.py", line 79, in execute
    return self._execute_with_wrappers(
           ^^^^^^^^^^^^^^^^^^^^^^^^^^^^
  File "/home/jules/.pyenv/versions/3.12.12/lib/python3.12/site-packages/django/db/backends/utils.py", line 92, in _execute_with_wrappers
    return executor(sql, params, many, context)
           ^^^^^^^^^^^^^^^^^^^^^^^^^^^^^^^^^^^^
  File "/home/jules/.pyenv/versions/3.12.12/lib/python3.12/site-packages/django/db/backends/utils.py", line 100, in _execute
    with self.db.wrap_database_errors:
         ^^^^^^^^^^^^^^^^^^^^^^^^^^^^
  File "/home/jules/.pyenv/versions/3.12.12/lib/python3.12/site-packages/django/db/utils.py", line 91, in __exit__
    raise dj_exc_value.with_traceback(traceback) from exc_value
  File "/home/jules/.pyenv/versions/3.12.12/lib/python3.12/site-packages/django/db/backends/utils.py", line 105, in _execute
    return self.cursor.execute(sql, params)
           ^^^^^^^^^^^^^^^^^^^^^^^^^^^^^^^^
  File "/home/jules/.pyenv/versions/3.12.12/lib/python3.12/site-packages/django/db/backends/sqlite3/base.py", line 360, in execute
    return super().execute(query, params)
           ^^^^^^^^^^^^^^^^^^^^^^^^^^^^^^
django.db.utils.OperationalError: no such table: api_customuser
