Name                                            Stmts   Miss  Cover   Missing
-----------------------------------------------------------------------------
apps/core_erp/__init__.py                           1      0   100%
apps/core_erp/accounting/__init__.py                0      0   100%
apps/core_erp/accounting/accounting_engine.py      23      6    74%   23, 36-41
apps/core_erp/base/__init__.py                      0      0   100%
apps/core_erp/base/base_models.py                  74      0   100%
apps/core_erp/billing/__init__.py                   0      0   100%
apps/core_erp/billing/billing_engine.py            15      1    93%   24
apps/core_erp/inventory/__init__.py                 0      0   100%
apps/core_erp/inventory/inventory_engine.py        13      0   100%
apps/core_erp/tests/__init__.py                     0      0   100%
apps/core_erp/tests/test_accounting.py             30      0   100%
apps/core_erp/tests/test_billing.py                21      0   100%
apps/core_erp/tests/test_inventory.py              17      0   100%
-----------------------------------------------------------------------------
TOTAL                                             194      7    96%
